TN:
SF:src/app.ts
FN:11,(anonymous_1)
FN:24,(anonymous_2)
FNF:2
FNH:0
FNDA:0,(anonymous_1)
FNDA:0,(anonymous_2)
DA:1,0
DA:2,0
DA:3,0
DA:4,0
DA:6,0
DA:8,0
DA:11,0
DA:12,0
DA:13,0
DA:17,0
DA:20,0
DA:21,0
DA:24,0
DA:25,0
DA:28,0
LF:15
LH:0
BRF:0
BRH:0
end_of_record
TN:
SF:src/middleware/validateRequest.ts
FN:3,validateCalculateBody
FNF:1
FNH:0
FNDA:0,validateCalculateBody
DA:3,0
DA:4,0
DA:6,0
DA:7,0
DA:8,0
DA:11,0
DA:12,0
DA:13,0
DA:16,0
LF:9
LH:0
BRDA:4,0,0,0
BRDA:4,0,1,0
BRDA:6,1,0,0
BRDA:6,2,0,0
BRDA:6,2,1,0
BRDA:11,3,0,0
BRF:6
BRH:0
end_of_record
TN:
SF:src/routes/calculate.ts
FN:7,(anonymous_0)
FNF:1
FNH:0
FNDA:0,(anonymous_0)
DA:1,0
DA:2,0
DA:3,0
DA:5,0
DA:7,0
DA:8,0
DA:9,0
DA:11,0
DA:12,0
DA:13,0
DA:16,0
DA:19,0
LF:12
LH:0
BRDA:11,0,0,0
BRF:1
BRH:0
end_of_record
TN:
SF:src/services/advMathService.ts
FN:1,power
FN:5,squareRoot
FN:10,percentage
FN:14,applyAdvFunction
FNF:4
FNH:4
FNDA:6,power
FNDA:7,squareRoot
FNDA:5,percentage
FNDA:12,applyAdvFunction
DA:1,2
DA:2,6
DA:5,2
DA:6,7
DA:7,5
DA:10,2
DA:11,5
DA:14,2
DA:15,12
DA:17,4
DA:18,3
DA:20,5
DA:21,4
DA:23,2
DA:24,2
DA:26,1
LF:16
LH:16
BRDA:6,0,0,2
BRDA:15,1,0,4
BRDA:15,1,1,5
BRDA:15,1,2,2
BRDA:15,1,3,1
BRDA:17,2,0,1
BRDA:20,3,0,1
BRDA:23,4,0,0
BRF:8
BRH:7
end_of_record
TN:
SF:src/services/basicMathService.ts
FN:2,(anonymous_0)
FN:8,add
FN:12,subtract
FN:16,multiply
FN:20,divide
FN:25,applyBasicOperator
FNF:6
FNH:6
FNDA:2,(anonymous_0)
FNDA:14,add
FNDA:8,subtract
FNDA:10,multiply
FNDA:7,divide
FNDA:29,applyBasicOperator
DA:1,2
DA:3,2
DA:4,2
DA:8,2
DA:9,14
DA:12,2
DA:13,8
DA:16,2
DA:17,10
DA:20,2
DA:21,7
DA:22,5
DA:25,2
DA:26,29
DA:27,11
DA:28,6
DA:29,7
DA:30,4
DA:32,1
LF:19
LH:19
BRDA:21,0,0,2
BRDA:26,1,0,11
BRDA:26,1,1,6
BRDA:26,1,2,7
BRDA:26,1,3,4
BRDA:26,1,4,1
BRF:6
BRH:6
end_of_record
TN:
SF:src/services/calculatorService.ts
FN:11,isFailure
FN:17,calculate
FNF:2
FNH:2
FNDA:23,isFailure
FNDA:22,calculate
DA:1,1
DA:2,1
DA:3,1
DA:4,1
DA:5,1
DA:11,1
DA:12,23
DA:15,1
DA:17,1
DA:18,22
DA:20,22
DA:21,1
DA:24,21
DA:25,1
DA:31,20
DA:32,20
DA:33,20
DA:35,20
DA:36,20
DA:38,19
DA:39,19
DA:41,17
DA:42,0
DA:45,17
DA:46,17
DA:48,3
DA:49,1
DA:51,2
DA:56,1
DA:58,1
DA:59,1
LF:31
LH:30
BRDA:20,0,0,1
BRDA:24,1,0,1
BRDA:41,2,0,0
BRDA:48,3,0,1
BRDA:51,4,0,1
BRDA:52,5,0,2
BRDA:52,5,1,2
BRDA:52,5,2,1
BRF:8
BRH:7
end_of_record
TN:
SF:src/utils/evaluator.ts
FN:6,(anonymous_0)
FN:18,evaluateRPN
FNF:2
FNH:1
FNDA:0,(anonymous_0)
FNDA:19,evaluateRPN
DA:2,1
DA:3,1
DA:5,1
DA:7,0
DA:8,0
DA:12,1
DA:18,1
DA:19,19
DA:21,19
DA:22,75
DA:23,45
DA:24,45
DA:25,45
DA:26,45
DA:29,30
DA:30,25
DA:31,0
DA:33,25
DA:34,25
DA:36,25
DA:37,24
DA:38,24
DA:40,1
DA:41,0
DA:43,1
DA:44,1
DA:46,0
DA:48,24
DA:51,5
DA:53,5
DA:54,5
DA:55,0
DA:57,5
DA:58,5
DA:60,5
DA:61,0
DA:63,5
DA:64,5
DA:65,4
DA:69,17
DA:70,0
DA:73,17
DA:76,17
LF:43
LH:35
BRDA:22,0,0,45
BRDA:24,1,0,0
BRDA:29,2,0,25
BRDA:30,3,0,0
BRDA:36,4,0,24
BRDA:36,4,1,1
BRDA:40,5,0,1
BRDA:43,6,0,1
BRDA:43,6,1,0
BRDA:51,7,0,5
BRDA:54,8,0,0
BRDA:60,9,0,0
BRDA:69,10,0,0
BRF:13
BRH:7
end_of_record
TN:
SF:src/utils/logger.ts
FNF:0
FNH:0
DA:1,1
DA:3,1
DA:11,1
LF:3
LH:3
BRDA:4,0,0,1
BRDA:4,0,1,1
BRDA:6,1,0,1
BRDA:6,1,1,0
BRF:4
BRH:3
end_of_record
TN:
SF:src/utils/shuntingYard.ts
FN:4,(anonymous_0)
FN:22,shuntingYard
FNF:2
FNH:2
FNDA:1,(anonymous_0)
FNDA:20,shuntingYard
DA:3,1
DA:5,1
DA:6,1
DA:10,1
DA:22,1
DA:23,20
DA:24,20
DA:25,20
DA:27,20
DA:29,96
DA:30,1
DA:34,0
DA:36,1
DA:37,0
DA:39,1
DA:40,1
DA:42,1
DA:45,95
DA:47,47
DA:48,47
DA:52,5
DA:53,1
DA:54,1
DA:56,4
DA:57,4
DA:58,4
DA:61,26
DA:62,26
DA:64,26
DA:65,13
DA:66,13
DA:68,7
DA:69,7
DA:70,7
DA:75,4
DA:77,3
DA:81,0
DA:82,0
DA:85,26
DA:86,26
DA:90,9
DA:91,9
DA:94,8
DA:95,8
DA:96,13
DA:97,13
DA:98,8
DA:99,8
DA:100,8
DA:102,5
DA:104,8
DA:107,8
DA:111,4
DA:112,4
DA:113,4
DA:115,8
DA:121,20
DA:122,18
DA:123,18
DA:124,1
DA:126,17
DA:129,19
LF:62
LH:58
BRDA:29,0,0,1
BRDA:29,1,0,96
BRDA:29,1,1,27
BRDA:31,2,0,1
BRDA:31,2,1,1
BRDA:36,3,0,0
BRDA:39,4,0,1
BRDA:45,5,0,47
BRDA:45,5,1,5
BRDA:45,5,2,26
BRDA:45,5,3,9
BRDA:45,5,4,8
BRDA:52,6,0,1
BRDA:62,7,0,0
BRDA:66,8,0,6
BRDA:68,9,0,7
BRDA:68,9,1,0
BRDA:70,10,0,4
BRDA:70,10,1,3
BRDA:71,11,0,7
BRDA:71,11,1,7
BRDA:71,11,2,7
BRDA:71,11,3,4
BRDA:97,12,0,8
BRDA:104,13,0,0
BRDA:107,14,0,4
BRDA:108,15,0,8
BRDA:108,15,1,6
BRDA:123,16,0,1
BRDA:123,17,0,18
BRDA:123,17,1,17
BRF:31
BRH:27
end_of_record
TN:
SF:src/utils/tokenizer.ts
FN:6,(anonymous_0)
FN:12,tokenize
FN:99,isUnaryPosition
FNF:3
FNH:3
FNDA:5,(anonymous_0)
FNDA:34,tokenize
FNDA:22,isUnaryPosition
DA:3,2
DA:5,2
DA:7,5
DA:8,5
DA:12,2
DA:13,34
DA:14,34
DA:15,34
DA:17,34
DA:19,32
DA:20,185
DA:23,185
DA:24,54
DA:25,54
DA:29,131
DA:30,62
DA:31,62
DA:32,62
DA:33,81
DA:34,6
DA:35,6
DA:37,80
DA:39,61
DA:40,61
DA:44,69
DA:45,7
DA:46,7
DA:47,25
DA:49,7
DA:50,1
DA:52,6
DA:53,6
DA:57,62
DA:58,12
DA:59,12
DA:60,12
DA:62,50
DA:63,11
DA:64,11
DA:65,11
DA:69,39
DA:70,2
DA:71,2
DA:72,2
DA:76,37
DA:78,36
DA:79,5
DA:81,5
DA:82,5
DA:85,5
DA:86,5
DA:88,31
DA:89,31
DA:90,31
DA:93,1
DA:96,29
DA:100,22
DA:101,20
DA:102,20
LF:59
LH:59
BRDA:17,0,0,2
BRDA:23,1,0,54
BRDA:29,2,0,62
BRDA:29,3,0,131
BRDA:29,3,1,69
BRDA:29,3,2,0
BRDA:29,4,0,0
BRDA:29,4,1,0
BRDA:32,5,0,142
BRDA:32,5,1,122
BRDA:32,5,2,47
BRDA:33,6,0,6
BRDA:35,7,0,1
BRDA:44,8,0,7
BRDA:46,9,0,32
BRDA:46,9,1,32
BRDA:49,10,0,1
BRDA:57,11,0,12
BRDA:62,12,0,11
BRDA:69,13,0,2
BRDA:76,14,0,36
BRDA:78,15,0,5
BRDA:78,16,0,36
BRDA:78,16,1,29
BRDA:78,16,2,22
BRDA:79,17,0,5
BRDA:100,18,0,2
BRDA:102,19,0,20
BRDA:102,19,1,18
BRDA:102,19,2,17
BRF:30
BRH:27
end_of_record
